<?xml version="1.0" encoding="UTF-8"?>
<!-- Generated by org.testng.reporters.JUnitReportReporter -->
<testsuite hostname="LAPTOP-G0MP1LNB" failures="0" tests="1" name="Login.credentials" time="3.167" errors="0" timestamp="2025-01-09T12:02:05 IST" skipped="0">
  <testcase classname="Login.credentials" name="creds" time="3.167"/>
  <system-out/>
</testsuite> <!-- Login.credentials -->
