<?xml version="1.0" encoding="UTF-8"?>
<!-- Generated by org.testng.reporters.JUnitReportReporter -->
<testsuite hostname="LAPTOP-G0MP1LNB" failures="0" tests="1" name="Sanity.Login" time="5.338" errors="0" timestamp="2025-01-06T11:46:35 IST" skipped="0">
  <testcase classname="Sanity.Login" name="logintest" time="5.338"/>
</testsuite> <!-- Sanity.Login -->
